<?xml version="1.0" encoding="UTF-8"?>
<!-- Generated by org.testng.reporters.JUnitXMLReporter -->
<testsuite ignored="0" hostname="AS-J9LZFK3-L" failures="1" tests="3" name="ChromeTest" time="43.761" errors="0" timestamp="2024-06-25T20:41:55 IST">
  <testcase classname="com.example.tests.HomeTest" name="testLogin" time="17.696"/>
  <testcase classname="com.example.tests.EndToEndTest" name="testLogin" time="26.285"/>
  <testcase classname="com.example.tests.EndToEndTest" name="testFailure" time="0.165">
    <failure type="java.lang.AssertionError" message="expected [nopCommerce demo store. Login...] but found [Swag Labs]">
      <![CDATA[java.lang.AssertionError: expected [nopCommerce demo store. Login...] but found [Swag Labs]
at com.example.tests.EndToEndTest.testFailure(EndToEndTest.java:88)
at java.base/java.util.concurrent.ThreadPoolExecutor.runWorker(ThreadPoolExecutor.java:1128)
at java.base/java.util.concurrent.ThreadPoolExecutor$Worker.run(ThreadPoolExecutor.java:628)
at java.base/java.lang.Thread.run(Thread.java:834)
... Removed 18 stack frames]]>
    </failure>
  </testcase> <!-- testFailure -->
</testsuite> <!-- ChromeTest -->
