<?xml version="1.0" encoding="UTF-8"?>
<testng-results ignored="0" total="2" passed="1" failed="1" skipped="0">
  <reporter-output>
  </reporter-output>
  <suite started-at="2024-06-25T18:13:33 IST" name="LoginTestSuite" finished-at="2024-06-25T18:14:04 IST" duration-ms="31651">
    <groups>
    </groups>
    <test started-at="2024-06-25T18:13:33 IST" name="ChromeTest" finished-at="2024-06-25T18:14:04 IST" duration-ms="31651">
      <class name="com.example.tests.EndToEndTest">
        <test-method is-config="true" signature="setUp(java.lang.String)[pri:0, instance:com.example.tests.EndToEndTest@2a7ed1f]" started-at="2024-06-25T18:13:33 IST" name="setUp" finished-at="2024-06-25T18:13:41 IST" duration-ms="8261" status="PASS">
          <params>
            <param index="0">
              <value>
                <![CDATA[chrome]]>
              </value>
            </param>
          </params>
          <reporter-output>
          </reporter-output>
        </test-method> <!-- setUp -->
        <test-method signature="testLogin(java.lang.String,java.lang.String)[pri:1, instance:com.example.tests.EndToEndTest@2a7ed1f]" started-at="2024-06-25T18:13:41 IST" name="testLogin" finished-at="2024-06-25T18:13:59 IST" duration-ms="18193" status="PASS">
          <params>
            <param index="0">
              <value>
                <![CDATA[standard_user]]>
              </value>
            </param>
            <param index="1">
              <value>
                <![CDATA[secret_sauce]]>
              </value>
            </param>
          </params>
          <reporter-output>
          </reporter-output>
        </test-method> <!-- testLogin -->
        <test-method is-config="true" signature="updateTestStatus(org.testng.ITestResult)[pri:0, instance:com.example.tests.EndToEndTest@2a7ed1f]" started-at="2024-06-25T18:14:00 IST" name="updateTestStatus" finished-at="2024-06-25T18:14:00 IST" duration-ms="10" status="PASS">
          <params>
            <param index="0">
              <value>
                <![CDATA[[TestResult name=testLogin status=SUCCESS method=EndToEndTest.testLogin(java.lang.String,java.lang.String)[pri:1, instance:com.example.tests.EndToEndTest@2a7ed1f] output={null}]]]>
              </value>
            </param>
          </params>
          <reporter-output>
          </reporter-output>
        </test-method> <!-- updateTestStatus -->
        <test-method signature="testFailure()[pri:2, instance:com.example.tests.EndToEndTest@2a7ed1f]" started-at="2024-06-25T18:14:00 IST" name="testFailure" description="Verify failure msg" finished-at="2024-06-25T18:14:00 IST" duration-ms="122" status="FAIL">
          <exception class="java.lang.AssertionError">
            <message>
              <![CDATA[expected [nopCommerce demo store. Login...] but found [Swag Labs]]]>
            </message>
            <full-stacktrace>
              <![CDATA[java.lang.AssertionError: expected [nopCommerce demo store. Login...] but found [Swag Labs]
at org.testng.Assert.fail(Assert.java:110)
at org.testng.Assert.failNotEquals(Assert.java:1413)
at org.testng.Assert.assertEqualsImpl(Assert.java:149)
at org.testng.Assert.assertEquals(Assert.java:131)
at org.testng.Assert.assertEquals(Assert.java:655)
at org.testng.Assert.assertEquals(Assert.java:665)
at com.example.tests.EndToEndTest.testFailure(EndToEndTest.java:88)
at java.base/jdk.internal.reflect.NativeMethodAccessorImpl.invoke0(Native Method)
at java.base/jdk.internal.reflect.NativeMethodAccessorImpl.invoke(NativeMethodAccessorImpl.java:62)
at java.base/jdk.internal.reflect.DelegatingMethodAccessorImpl.invoke(DelegatingMethodAccessorImpl.java:43)
at java.base/java.lang.reflect.Method.invoke(Method.java:566)
at org.testng.internal.invokers.MethodInvocationHelper.invokeMethod(MethodInvocationHelper.java:135)
at org.testng.internal.invokers.TestInvoker.invokeMethod(TestInvoker.java:673)
at org.testng.internal.invokers.TestInvoker.invokeTestMethod(TestInvoker.java:220)
at org.testng.internal.invokers.MethodRunner.runInSequence(MethodRunner.java:50)
at org.testng.internal.invokers.TestInvoker$MethodInvocationAgent.invoke(TestInvoker.java:945)
at org.testng.internal.invokers.TestInvoker.invokeTestMethods(TestInvoker.java:193)
at org.testng.internal.invokers.TestMethodWorker.invokeTestMethods(TestMethodWorker.java:146)
at org.testng.internal.invokers.TestMethodWorker.run(TestMethodWorker.java:128)
at java.base/java.util.concurrent.ThreadPoolExecutor.runWorker(ThreadPoolExecutor.java:1128)
at java.base/java.util.concurrent.ThreadPoolExecutor$Worker.run(ThreadPoolExecutor.java:628)
at java.base/java.lang.Thread.run(Thread.java:834)
]]>
            </full-stacktrace>
          </exception> <!-- java.lang.AssertionError -->
          <reporter-output>
          </reporter-output>
        </test-method> <!-- testFailure -->
        <test-method is-config="true" signature="updateTestStatus(org.testng.ITestResult)[pri:0, instance:com.example.tests.EndToEndTest@2a7ed1f]" started-at="2024-06-25T18:14:00 IST" name="updateTestStatus" finished-at="2024-06-25T18:14:00 IST" duration-ms="617" status="PASS">
          <params>
            <param index="0">
              <value>
                <![CDATA[[TestResult name=testFailure status=FAILURE method=EndToEndTest.testFailure()[pri:2, instance:com.example.tests.EndToEndTest@2a7ed1f] output={null}]]]>
              </value>
            </param>
          </params>
          <reporter-output>
          </reporter-output>
        </test-method> <!-- updateTestStatus -->
        <test-method is-config="true" signature="tearDown()[pri:0, instance:com.example.tests.EndToEndTest@2a7ed1f]" started-at="2024-06-25T18:14:00 IST" name="tearDown" finished-at="2024-06-25T18:14:04 IST" duration-ms="3998" status="PASS">
          <reporter-output>
          </reporter-output>
        </test-method> <!-- tearDown -->
      </class> <!-- com.example.tests.EndToEndTest -->
    </test> <!-- ChromeTest -->
  </suite> <!-- LoginTestSuite -->
</testng-results>
